GET /public/
GET /
GET /
GET /
GET /
GET /
GET /
GET /public/
GET /public/
GET /
GET /
GET /
GET /
GET /
GET /
GET /
GET /
GET /
GET /login
GET /
GET /login
GET /login
GET /login
GET /login
GET /login
GET /login
GET /login
GET /login
GET /login
GET /login
GET /login
GET /login
GET /login
GET /login
GET /login
GET /login
GET /login
GET /login
GET /login
GET /login
GET /login
GET /login
GET /login
GET /login
GET /login
GET /login
GET /login
GET /login
GET /login
GET /login
GET /login
GET /login
GET /login
GET /login
GET /login
GET /login
GET /
GET /register
GET /public/
GET /
GET /public/
GET /admin/users
GET /admin/users
GET /admin/users
GET /
GET /public/
GET /public/
GET /public/
GET /public/
GET /
GET /register
GET /register
GET /register
GET /register
GET /register
GET /register
GET /register
GET /register
GET /register
GET /
GET /
GET /register
GET /auth/register
GET /auth/register
POST /auth/register
POST /auth/register
GET /auth/register
POST /auth/register
GET /auth/register
GET /auth/register
GET /auth/register
GET /auth/register
GET /auth/register
GET /auth/register
GET /auth/register
GET /auth/register
GET /auth/register
GET /
GET /
GET /auth/register
GET /auth/register
GET /auth/register
GET /auth/register
GET /auth/register
GET /auth/register
GET /auth/register
GET /auth/register
GET /auth/register
GET /auth/register
GET /auth/register
GET /auth/register
GET /auth/register
GET /auth/register
GET /auth/register
GET /auth/register
GET /auth/register
GET /
GET /
GET /
GET /
GET /admin/dashboard
GET /admin/dashboard
GET /admin/dashboard
GET /admin/dashboard
GET /admin/dashboard
GET /admin/dashboard
GET /admin/dashboard
GET /admin/dashboard
GET /admin/dashboard
GET /admin/dashboard
GET /admin/dashboard
GET /admin/dashboard
GET /admin/dashboard
GET /admin/dashboard
GET /admin/dashboard
GET /admin/dashboard
GET /admin/dashboard
GET /admin/dashboard
GET /auth/login
GET /auth/login
GET /admin/dashboard
GET /admin/users
GET /admin/dashboard
GET /admin/dashboard
GET /admin/dashboard
GET /admin/dashboard
GET /admin/dashboard
GET /admin/dashboard
GET /admin/dashboard
GET /admin/dashboard
GET /admin/dashboard
GET /admin/dashboard
GET /admin/dashboard
GET /admin/dashboard
GET /admin/dashboard
GET /admin/dashboard
GET /admin/dashboard
GET /admin/dashboard
GET /admin/dashboard
GET /admin/dashboard
GET /admin/dashboard
GET /admin/dashboard
GET /admin/dashboard
GET /admin/dashboard
GET /admin/dashboard
GET /admin/dashboard
GET /admin/dashboard
GET /admin/dashboard
GET /admin/dashboard
GET /admin/dashboard
GET /admin/dashboard
GET /admin/dashboard
GET /admin/dashboard
GET /admin/dashboard
GET /admin/dashboard
GET /admin/dashboard
GET /admin/dashboard
GET /admin/dashboard
GET /admin/dashboard
GET /admin/dashboard
GET /admin/dashboard
GET /admin/dashboard
GET /admin/dashboard
GET /admin/dashboard
GET /admin/dashboard
GET /admin/dashboard
GET /admin/dashboard
GET /admin/dashboard
GET /admin/dashboard
GET /admin/dashboard
GET /admin/dashboard
GET /admin/dashboard
GET /admin/dashboard
GET /admin/dashboard
GET /admin/dashboard
GET /admin/dashboard
GET /admin/dashboard
GET /admin/dashboard
GET /admin/dashboard
GET /admin/dashboard
GET /admin/dashboard
GET /admin/dashboard
GET /admin/dashboard
GET /admin/dashboard
GET /admin/dashboard
GET /admin/dashboard
GET /admin/dashboard
GET /admin/dashboard
GET /admin/dashboard
GET /admin/dashboard
GET /admin/dashboard
GET /admin/dashboard
GET /admin/dashboard
GET /admin/dashboard
GET /admin/dashboard
GET /admin/dashboard
GET /admin/dashboard
GET /admin/dashboard
GET /admin/dashboard
GET /admin/dashboard
GET /admin/dashboard
GET /admin/dashboard
GET /admin/dashboard
GET /admin/dashboard
GET /admin/dashboard
GET /admin/dashboard
GET /auth/login
GET /
GET /
GET /
GET /admin/dashboard
GET /
GET /
GET /
GET /
GET /admin/dashboard
GET /admin/dashboard
GET /admin/dashboard
GET /admin/dashboard
GET /admin/dashboard
GET /admin/dashboard
GET /admin/dashboard
GET /admin/dashboard
GET /admin/dashboard
GET /admin/dashboard
GET /admin/dashboard
GET /admin/dashboard
GET /admin/dashboard
GET /admin/dashboard
GET /admin/dashboard
GET /admin/dashboard
GET /admin/dashboard
GET /admin/dashboard
GET /admin/dashboard
GET /admin/dashboard
GET /admin/dashboard
GET /admin/dashboard
GET /admin/dashboard
GET /admin/dashboard
GET /admin/dashboard
GET /admin/dashboard
GET /admin/dashboard
GET /admin/dashboard
GET /admin/dashboard
GET /admin/dashboard
GET /admin/dashboard
GET /admin/dashboard
GET /admin/dashboard
GET /admin/dashboard
GET /admin/dashboard
GET /admin/dashboard
GET /admin/dashboard
GET /admin/dashboard
GET /admin/dashboard
GET /admin/dashboard
GET /admin/dashboard
GET /admin/dashboard
GET /admin/dashboard
GET /admin/dashboard
GET /admin/dashboard
GET /admin/dashboard
GET /admin/dashboard
GET /admin/dashboard
GET /admin/dashboard
GET /admin/dashboard
GET /admin/dashboard
GET /admin/dashboard
